{"/home/chris/00__DEV/04_GIOVANE_ITALIA/asgiovaneitalia/src/components/Grid/Grid.jsx": {"path":"/home/chris/00__DEV/04_GIOVANE_ITALIA/asgiovaneitalia/src/components/Grid/Grid.jsx","statementMap":{"0":{"start":{"line":9,"column":9},"end":{"line":23,"column":null}},"1":{"start":{"line":11,"column":2},"end":{"line":15,"column":null}},"2":{"start":{"line":13,"column":16},"end":{"line":13,"column":null}},"3":{"start":{"line":14,"column":4},"end":{"line":14,"column":null}},"4":{"start":{"line":17,"column":2},"end":{"line":20,"column":null}},"5":{"start":{"line":17,"column":2},"end":{"line":17,"column":null}},"6":{"start":{"line":19,"column":19},"end":{"line":19,"column":35}},"7":{"start":{"line":20,"column":19},"end":{"line":20,"column":35}},"8":{"start":{"line":20,"column":35},"end":{"line":20,"column":null}},"9":{"start":{"line":25,"column":20},"end":{"line":25,"column":null}}},"fnMap":{"0":{"name":"Grid2","decl":{"start":{"line":9,"column":9},"end":{"line":9,"column":13}},"loc":{"start":{"line":9,"column":16},"end":{"line":23,"column":1}},"line":9},"1":{"name":"(anonymous_1)","decl":{"start":{"line":11,"column":10},"end":{"line":11,"column":16}},"loc":{"start":{"line":11,"column":16},"end":{"line":15,"column":3}},"line":11},"2":{"name":"(anonymous_2)","decl":{"start":{"line":17,"column":2},"end":{"line":17,"column":null}},"loc":{"start":{"line":17,"column":2},"end":{"line":20,"column":null}},"line":17}},"branchMap":{"0":{"loc":{"start":{"line":20,"column":35},"end":{"line":20,"column":null}},"type":"binary-expr","locations":[{"start":{"line":20,"column":35},"end":{"line":20,"column":null}},{"start":{"line":20,"column":35},"end":{"line":20,"column":null}}],"line":20},"1":{"loc":{"start":{"line":25,"column":20},"end":{"line":25,"column":null}},"type":"if","locations":[{"start":{"line":25,"column":20},"end":{"line":25,"column":null}},{"start":{},"end":{}}],"line":25}},"s":{"0":1,"1":2,"2":2,"3":2,"4":2,"5":2,"6":2,"7":2,"8":2,"9":1},"f":{"0":2,"1":2,"2":4},"b":{"0":[4,4],"1":[1,0]},"meta":{"lastBranch":2,"lastFunction":3,"lastStatement":10,"seen":{"s:9:9:23:Infinity":0,"f:9:9:9:13":0,"s:11:2:15:Infinity":1,"f:11:10:11:16":1,"s:13:16:13:Infinity":2,"s:14:4:14:Infinity":3,"s:17:2:20:Infinity":4,"f:17:2:17:Infinity":2,"s:17:2:17:Infinity":5,"s:19:19:19:35":6,"s:20:19:20:35":7,"s:20:35:20:Infinity":8,"b:20:35:20:Infinity:20:35:20:Infinity":0,"b:25:20:25:Infinity:undefined:undefined:undefined:undefined":1,"s:25:20:25:Infinity":9}}}
,"/home/chris/00__DEV/04_GIOVANE_ITALIA/asgiovaneitalia/src/components/Grid/Grid.module.scss": {"path":"/home/chris/00__DEV/04_GIOVANE_ITALIA/asgiovaneitalia/src/components/Grid/Grid.module.scss","statementMap":{},"fnMap":{},"branchMap":{},"s":{},"f":{},"b":{},"meta":{"lastBranch":0,"lastFunction":0,"lastStatement":0,"seen":{}}}
,"/home/chris/00__DEV/04_GIOVANE_ITALIA/asgiovaneitalia/src/components/Header/Header.jsx": {"path":"/home/chris/00__DEV/04_GIOVANE_ITALIA/asgiovaneitalia/src/components/Header/Header.jsx","statementMap":{"0":{"start":{"line":9,"column":9},"end":{"line":49,"column":null}},"1":{"start":{"line":12,"column":1},"end":{"line":16,"column":null}},"2":{"start":{"line":14,"column":13},"end":{"line":14,"column":null}},"3":{"start":{"line":15,"column":2},"end":{"line":15,"column":null}},"4":{"start":{"line":18,"column":1},"end":{"line":41,"column":null}},"5":{"start":{"line":18,"column":1},"end":{"line":18,"column":null}},"6":{"start":{"line":20,"column":16},"end":{"line":20,"column":20}},"7":{"start":{"line":20,"column":20},"end":{"line":20,"column":41}},"8":{"start":{"line":20,"column":20},"end":{"line":22,"column":null}},"9":{"start":{"line":20,"column":41},"end":{"line":20,"column":59}},"10":{"start":{"line":21,"column":16},"end":{"line":21,"column":34}},"11":{"start":{"line":22,"column":54},"end":{"line":22,"column":76}},"12":{"start":{"line":22,"column":76},"end":{"line":22,"column":null}},"13":{"start":{"line":26,"column":10},"end":{"line":26,"column":null}},"14":{"start":{"line":26,"column":10},"end":{"line":41,"column":null}},"15":{"start":{"line":27,"column":20},"end":{"line":27,"column":73}},"16":{"start":{"line":28,"column":17},"end":{"line":28,"column":38}},"17":{"start":{"line":29,"column":56},"end":{"line":29,"column":81}},"18":{"start":{"line":31,"column":16},"end":{"line":31,"column":36}},"19":{"start":{"line":32,"column":21},"end":{"line":32,"column":39}},"20":{"start":{"line":35,"column":17},"end":{"line":35,"column":35}},"21":{"start":{"line":38,"column":17},"end":{"line":38,"column":35}},"22":{"start":{"line":41,"column":17},"end":{"line":41,"column":35}},"23":{"start":{"line":41,"column":35},"end":{"line":41,"column":null}},"24":{"start":{"line":51,"column":22},"end":{"line":51,"column":null}}},"fnMap":{"0":{"name":"Header2","decl":{"start":{"line":9,"column":9},"end":{"line":9,"column":15}},"loc":{"start":{"line":9,"column":18},"end":{"line":49,"column":1}},"line":9},"1":{"name":"(anonymous_1)","decl":{"start":{"line":12,"column":9},"end":{"line":12,"column":15}},"loc":{"start":{"line":12,"column":15},"end":{"line":16,"column":2}},"line":12},"2":{"name":"(anonymous_2)","decl":{"start":{"line":18,"column":1},"end":{"line":18,"column":null}},"loc":{"start":{"line":18,"column":1},"end":{"line":22,"column":null}},"line":18},"3":{"name":"(anonymous_3)","decl":{"start":{"line":20,"column":20},"end":{"line":20,"column":41}},"loc":{"start":{"line":20,"column":20},"end":{"line":22,"column":null}},"line":20},"4":{"name":"(anonymous_4)","decl":{"start":{"line":26,"column":10},"end":{"line":26,"column":null}},"loc":{"start":{"line":26,"column":10},"end":{"line":41,"column":null}},"line":26}},"branchMap":{"0":{"loc":{"start":{"line":20,"column":20},"end":{"line":20,"column":41}},"type":"cond-expr","locations":[{"start":{"line":20,"column":20},"end":{"line":20,"column":41}},{"start":{"line":20,"column":16},"end":{"line":20,"column":41}}],"line":20},"1":{"loc":{"start":{"line":22,"column":76},"end":{"line":22,"column":null}},"type":"binary-expr","locations":[{"start":{"line":22,"column":76},"end":{"line":22,"column":null}},{"start":{"line":22,"column":76},"end":{"line":22,"column":null}}],"line":22},"2":{"loc":{"start":{"line":41,"column":35},"end":{"line":41,"column":null}},"type":"binary-expr","locations":[{"start":{"line":41,"column":35},"end":{"line":41,"column":null}},{"start":{"line":41,"column":35},"end":{"line":41,"column":null}}],"line":41},"3":{"loc":{"start":{"line":51,"column":22},"end":{"line":51,"column":null}},"type":"if","locations":[{"start":{"line":51,"column":22},"end":{"line":51,"column":null}},{"start":{},"end":{}}],"line":51}},"s":{"0":1,"1":3,"2":3,"3":3,"4":3,"5":3,"6":3,"7":3,"8":3,"9":3,"10":3,"11":3,"12":3,"13":3,"14":3,"15":3,"16":3,"17":3,"18":3,"19":3,"20":3,"21":3,"22":3,"23":3,"24":1},"f":{"0":3,"1":3,"2":3,"3":3,"4":6},"b":{"0":[0,3],"1":[9,9],"2":[24,24],"3":[1,0]},"meta":{"lastBranch":4,"lastFunction":5,"lastStatement":25,"seen":{"s:9:9:49:Infinity":0,"f:9:9:9:15":0,"s:12:1:16:Infinity":1,"f:12:9:12:15":1,"s:14:13:14:Infinity":2,"s:15:2:15:Infinity":3,"s:18:1:41:Infinity":4,"f:18:1:18:Infinity":2,"s:18:1:18:Infinity":5,"s:20:16:20:20":6,"s:20:20:20:41":7,"b:20:20:20:41:20:16:20:41":0,"s:20:20:22:Infinity":8,"f:20:20:20:41":3,"s:20:41:20:59":9,"s:21:16:21:34":10,"s:22:54:22:76":11,"s:22:76:22:Infinity":12,"b:22:76:22:Infinity:22:76:22:Infinity":1,"f:26:10:26:Infinity":4,"s:26:10:26:Infinity":13,"s:26:10:41:Infinity":14,"s:27:20:27:73":15,"s:28:17:28:38":16,"s:29:56:29:81":17,"s:31:16:31:36":18,"s:32:21:32:39":19,"s:35:17:35:35":20,"s:38:17:38:35":21,"s:41:17:41:35":22,"s:41:35:41:Infinity":23,"b:41:35:41:Infinity:41:35:41:Infinity":2,"b:51:22:51:Infinity:undefined:undefined:undefined:undefined":3,"s:51:22:51:Infinity":24}}}
,"/home/chris/00__DEV/04_GIOVANE_ITALIA/asgiovaneitalia/src/components/Header/Header.module.scss": {"path":"/home/chris/00__DEV/04_GIOVANE_ITALIA/asgiovaneitalia/src/components/Header/Header.module.scss","statementMap":{},"fnMap":{},"branchMap":{},"s":{},"f":{},"b":{},"meta":{"lastBranch":0,"lastFunction":0,"lastStatement":0,"seen":{}}}
,"/home/chris/00__DEV/04_GIOVANE_ITALIA/asgiovaneitalia/src/components/Marquee/Marquee.jsx": {"path":"/home/chris/00__DEV/04_GIOVANE_ITALIA/asgiovaneitalia/src/components/Marquee/Marquee.jsx","statementMap":{"0":{"start":{"line":9,"column":9},"end":{"line":61,"column":null}},"1":{"start":{"line":11,"column":2},"end":{"line":15,"column":null}},"2":{"start":{"line":13,"column":20},"end":{"line":13,"column":null}},"3":{"start":{"line":14,"column":4},"end":{"line":14,"column":null}},"4":{"start":{"line":17,"column":2},"end":{"line":20,"column":null}},"5":{"start":{"line":17,"column":2},"end":{"line":17,"column":null}},"6":{"start":{"line":19,"column":20},"end":{"line":19,"column":34}},"7":{"start":{"line":20,"column":21},"end":{"line":20,"column":33}},"8":{"start":{"line":20,"column":33},"end":{"line":20,"column":null}},"9":{"start":{"line":63,"column":23},"end":{"line":63,"column":null}}},"fnMap":{"0":{"name":"Marquee2","decl":{"start":{"line":9,"column":9},"end":{"line":9,"column":16}},"loc":{"start":{"line":9,"column":19},"end":{"line":61,"column":1}},"line":9},"1":{"name":"(anonymous_1)","decl":{"start":{"line":11,"column":10},"end":{"line":11,"column":16}},"loc":{"start":{"line":11,"column":16},"end":{"line":15,"column":3}},"line":11},"2":{"name":"(anonymous_2)","decl":{"start":{"line":17,"column":2},"end":{"line":17,"column":null}},"loc":{"start":{"line":17,"column":2},"end":{"line":20,"column":null}},"line":17}},"branchMap":{"0":{"loc":{"start":{"line":20,"column":33},"end":{"line":20,"column":null}},"type":"binary-expr","locations":[{"start":{"line":20,"column":33},"end":{"line":20,"column":null}},{"start":{"line":20,"column":33},"end":{"line":20,"column":null}}],"line":20},"1":{"loc":{"start":{"line":63,"column":23},"end":{"line":63,"column":null}},"type":"if","locations":[{"start":{"line":63,"column":23},"end":{"line":63,"column":null}},{"start":{},"end":{}}],"line":63}},"s":{"0":1,"1":2,"2":2,"3":2,"4":2,"5":2,"6":2,"7":2,"8":2,"9":1},"f":{"0":2,"1":2,"2":4},"b":{"0":[4,4],"1":[1,0]},"meta":{"lastBranch":2,"lastFunction":3,"lastStatement":10,"seen":{"s:9:9:61:Infinity":0,"f:9:9:9:16":0,"s:11:2:15:Infinity":1,"f:11:10:11:16":1,"s:13:20:13:Infinity":2,"s:14:4:14:Infinity":3,"s:17:2:20:Infinity":4,"f:17:2:17:Infinity":2,"s:17:2:17:Infinity":5,"s:19:20:19:34":6,"s:20:21:20:33":7,"s:20:33:20:Infinity":8,"b:20:33:20:Infinity:20:33:20:Infinity":0,"b:63:23:63:Infinity:undefined:undefined:undefined:undefined":1,"s:63:23:63:Infinity":9}}}
,"/home/chris/00__DEV/04_GIOVANE_ITALIA/asgiovaneitalia/src/components/Marquee/Marquee.module.scss": {"path":"/home/chris/00__DEV/04_GIOVANE_ITALIA/asgiovaneitalia/src/components/Marquee/Marquee.module.scss","statementMap":{},"fnMap":{},"branchMap":{},"s":{},"f":{},"b":{},"meta":{"lastBranch":0,"lastFunction":0,"lastStatement":0,"seen":{}}}
,"/home/chris/00__DEV/04_GIOVANE_ITALIA/asgiovaneitalia/src/components/MouseHighlight/MouseHighlight.jsx": {"path":"/home/chris/00__DEV/04_GIOVANE_ITALIA/asgiovaneitalia/src/components/MouseHighlight/MouseHighlight.jsx","statementMap":{"0":{"start":{"line":9,"column":9},"end":{"line":22,"column":null}},"1":{"start":{"line":11,"column":2},"end":{"line":15,"column":null}},"2":{"start":{"line":13,"column":18},"end":{"line":13,"column":null}},"3":{"start":{"line":14,"column":4},"end":{"line":14,"column":null}},"4":{"start":{"line":17,"column":2},"end":{"line":19,"column":null}},"5":{"start":{"line":17,"column":2},"end":{"line":17,"column":null}},"6":{"start":{"line":18,"column":20},"end":{"line":18,"column":41}},"7":{"start":{"line":19,"column":22},"end":{"line":19,"column":43}},"8":{"start":{"line":19,"column":43},"end":{"line":19,"column":null}},"9":{"start":{"line":24,"column":30},"end":{"line":24,"column":null}}},"fnMap":{"0":{"name":"MouseHighlight2","decl":{"start":{"line":9,"column":9},"end":{"line":9,"column":23}},"loc":{"start":{"line":9,"column":26},"end":{"line":22,"column":1}},"line":9},"1":{"name":"(anonymous_1)","decl":{"start":{"line":11,"column":10},"end":{"line":11,"column":16}},"loc":{"start":{"line":11,"column":16},"end":{"line":15,"column":3}},"line":11},"2":{"name":"(anonymous_2)","decl":{"start":{"line":17,"column":2},"end":{"line":17,"column":null}},"loc":{"start":{"line":17,"column":2},"end":{"line":19,"column":null}},"line":17}},"branchMap":{"0":{"loc":{"start":{"line":19,"column":43},"end":{"line":19,"column":null}},"type":"binary-expr","locations":[{"start":{"line":19,"column":43},"end":{"line":19,"column":null}},{"start":{"line":19,"column":43},"end":{"line":19,"column":null}}],"line":19},"1":{"loc":{"start":{"line":24,"column":30},"end":{"line":24,"column":null}},"type":"if","locations":[{"start":{"line":24,"column":30},"end":{"line":24,"column":null}},{"start":{},"end":{}}],"line":24}},"s":{"0":1,"1":2,"2":2,"3":2,"4":2,"5":2,"6":2,"7":2,"8":2,"9":1},"f":{"0":2,"1":2,"2":4},"b":{"0":[4,4],"1":[1,0]},"meta":{"lastBranch":2,"lastFunction":3,"lastStatement":10,"seen":{"s:9:9:22:Infinity":0,"f:9:9:9:23":0,"s:11:2:15:Infinity":1,"f:11:10:11:16":1,"s:13:18:13:Infinity":2,"s:14:4:14:Infinity":3,"s:17:2:19:Infinity":4,"f:17:2:17:Infinity":2,"s:17:2:17:Infinity":5,"s:18:20:18:41":6,"s:19:22:19:43":7,"s:19:43:19:Infinity":8,"b:19:43:19:Infinity:19:43:19:Infinity":0,"b:24:30:24:Infinity:undefined:undefined:undefined:undefined":1,"s:24:30:24:Infinity":9}}}
,"/home/chris/00__DEV/04_GIOVANE_ITALIA/asgiovaneitalia/src/components/MouseHighlight/MouseHighlight.module.scss": {"path":"/home/chris/00__DEV/04_GIOVANE_ITALIA/asgiovaneitalia/src/components/MouseHighlight/MouseHighlight.module.scss","statementMap":{},"fnMap":{},"branchMap":{},"s":{},"f":{},"b":{},"meta":{"lastBranch":0,"lastFunction":0,"lastStatement":0,"seen":{}}}
,"/home/chris/00__DEV/04_GIOVANE_ITALIA/asgiovaneitalia/src/components/PageComponents/About/About.jsx": {"path":"/home/chris/00__DEV/04_GIOVANE_ITALIA/asgiovaneitalia/src/components/PageComponents/About/About.jsx","statementMap":{"0":{"start":{"line":9,"column":9},"end":{"line":42,"column":null}},"1":{"start":{"line":10,"column":18},"end":{"line":10,"column":null}},"2":{"start":{"line":13,"column":1},"end":{"line":16,"column":null}},"3":{"start":{"line":14,"column":27},"end":{"line":14,"column":null}},"4":{"start":{"line":15,"column":4},"end":{"line":15,"column":null}},"5":{"start":{"line":18,"column":1},"end":{"line":27,"column":null}},"6":{"start":{"line":18,"column":1},"end":{"line":18,"column":null}},"7":{"start":{"line":20,"column":20},"end":{"line":20,"column":24}},"8":{"start":{"line":20,"column":24},"end":{"line":20,"column":44}},"9":{"start":{"line":20,"column":24},"end":{"line":23,"column":null}},"10":{"start":{"line":23,"column":14},"end":{"line":23,"column":27}},"11":{"start":{"line":23,"column":27},"end":{"line":28,"column":null}},"12":{"start":{"line":28,"column":18},"end":{"line":28,"column":34}},"13":{"start":{"line":28,"column":34},"end":{"line":33,"column":null}},"14":{"start":{"line":30,"column":23},"end":{"line":30,"column":38}},"15":{"start":{"line":31,"column":26},"end":{"line":32,"column":null}},"16":{"start":{"line":31,"column":31},"end":{"line":31,"column":null}},"17":{"start":{"line":31,"column":31},"end":{"line":32,"column":37}},"18":{"start":{"line":32,"column":37},"end":{"line":32,"column":null}},"19":{"start":{"line":32,"column":63},"end":{"line":32,"column":null}},"20":{"start":{"line":33,"column":22},"end":{"line":27,"column":null}},"21":{"start":{"line":20,"column":44},"end":{"line":20,"column":79}},"22":{"start":{"line":21,"column":20},"end":{"line":21,"column":39}},"23":{"start":{"line":22,"column":21},"end":{"line":22,"column":38}},"24":{"start":{"line":25,"column":22},"end":{"line":25,"column":43}},"25":{"start":{"line":27,"column":25},"end":{"line":27,"column":45}},"26":{"start":{"line":27,"column":45},"end":{"line":27,"column":null}},"27":{"start":{"line":44,"column":21},"end":{"line":44,"column":null}}},"fnMap":{"0":{"name":"About2","decl":{"start":{"line":9,"column":9},"end":{"line":9,"column":14}},"loc":{"start":{"line":9,"column":22},"end":{"line":42,"column":1}},"line":9},"1":{"name":"(anonymous_1)","decl":{"start":{"line":13,"column":9},"end":{"line":13,"column":15}},"loc":{"start":{"line":13,"column":15},"end":{"line":16,"column":2}},"line":13},"2":{"name":"(anonymous_2)","decl":{"start":{"line":18,"column":1},"end":{"line":18,"column":null}},"loc":{"start":{"line":18,"column":1},"end":{"line":27,"column":null}},"line":18},"3":{"name":"(anonymous_3)","decl":{"start":{"line":20,"column":24},"end":{"line":20,"column":44}},"loc":{"start":{"line":23,"column":14},"end":{"line":23,"column":27}},"line":23},"4":{"name":"(anonymous_4)","decl":{"start":{"line":23,"column":27},"end":{"line":23,"column":null}},"loc":{"start":{"line":28,"column":18},"end":{"line":28,"column":34}},"line":28},"5":{"name":"(anonymous_5)","decl":{"start":{"line":30,"column":19},"end":{"line":30,"column":23}},"loc":{"start":{"line":30,"column":23},"end":{"line":30,"column":null}},"line":30},"6":{"name":"(anonymous_6)","decl":{"start":{"line":31,"column":19},"end":{"line":31,"column":20}},"loc":{"start":{"line":31,"column":26},"end":{"line":32,"column":null}},"line":31},"7":{"name":"(anonymous_7)","decl":{"start":{"line":31,"column":31},"end":{"line":31,"column":null}},"loc":{"start":{"line":31,"column":31},"end":{"line":32,"column":null}},"line":31},"8":{"name":"(anonymous_8)","decl":{"start":{"line":32,"column":37},"end":{"line":32,"column":47}},"loc":{"start":{"line":32,"column":37},"end":{"line":32,"column":null}},"line":32},"9":{"name":"(anonymous_9)","decl":{"start":{"line":33,"column":22},"end":{"line":33,"column":null}},"loc":{"start":{"line":33,"column":22},"end":{"line":27,"column":null}},"line":33}},"branchMap":{"0":{"loc":{"start":{"line":20,"column":24},"end":{"line":20,"column":44}},"type":"cond-expr","locations":[{"start":{"line":20,"column":24},"end":{"line":20,"column":44}},{"start":{"line":20,"column":20},"end":{"line":20,"column":44}}],"line":20},"1":{"loc":{"start":{"line":27,"column":45},"end":{"line":27,"column":null}},"type":"binary-expr","locations":[{"start":{"line":27,"column":45},"end":{"line":27,"column":null}},{"start":{"line":27,"column":45},"end":{"line":27,"column":null}}],"line":27},"2":{"loc":{"start":{"line":44,"column":21},"end":{"line":44,"column":null}},"type":"if","locations":[{"start":{"line":44,"column":21},"end":{"line":44,"column":null}},{"start":{},"end":{}}],"line":44}},"s":{"0":1,"1":3,"2":3,"3":3,"4":3,"5":3,"6":3,"7":3,"8":3,"9":3,"10":3,"11":3,"12":3,"13":3,"14":3,"15":6,"16":6,"17":6,"18":6,"19":6,"20":3,"21":3,"22":3,"23":3,"24":3,"25":3,"26":3,"27":1},"f":{"0":3,"1":3,"2":3,"3":3,"4":3,"5":3,"6":6,"7":6,"8":6,"9":3},"b":{"0":[0,3],"1":[15,15],"2":[1,0]},"meta":{"lastBranch":3,"lastFunction":10,"lastStatement":28,"seen":{"s:9:9:42:Infinity":0,"f:9:9:9:14":0,"s:10:18:10:Infinity":1,"s:13:1:16:Infinity":2,"f:13:9:13:15":1,"s:14:27:14:Infinity":3,"s:15:4:15:Infinity":4,"s:18:1:27:Infinity":5,"f:18:1:18:Infinity":2,"s:18:1:18:Infinity":6,"s:20:20:20:24":7,"s:20:24:20:44":8,"b:20:24:20:44:20:20:20:44":0,"s:20:24:23:Infinity":9,"f:20:24:20:44":3,"s:23:14:23:27":10,"s:23:27:28:Infinity":11,"f:23:27:23:Infinity":4,"s:28:18:28:34":12,"s:28:34:33:Infinity":13,"f:30:19:30:23":5,"s:30:23:30:38":14,"f:31:19:31:20":6,"s:31:26:32:Infinity":15,"f:31:31:31:Infinity":7,"s:31:31:31:Infinity":16,"s:31:31:32:37":17,"s:32:37:32:Infinity":18,"f:32:37:32:47":8,"s:32:63:32:Infinity":19,"s:33:22:27:Infinity":20,"f:33:22:33:Infinity":9,"s:20:44:20:79":21,"s:21:20:21:39":22,"s:22:21:22:38":23,"s:25:22:25:43":24,"s:27:25:27:45":25,"s:27:45:27:Infinity":26,"b:27:45:27:Infinity:27:45:27:Infinity":1,"b:44:21:44:Infinity:undefined:undefined:undefined:undefined":2,"s:44:21:44:Infinity":27}}}
,"/home/chris/00__DEV/04_GIOVANE_ITALIA/asgiovaneitalia/src/components/PageComponents/About/About.module.scss": {"path":"/home/chris/00__DEV/04_GIOVANE_ITALIA/asgiovaneitalia/src/components/PageComponents/About/About.module.scss","statementMap":{},"fnMap":{},"branchMap":{},"s":{},"f":{},"b":{},"meta":{"lastBranch":0,"lastFunction":0,"lastStatement":0,"seen":{}}}
,"/home/chris/00__DEV/04_GIOVANE_ITALIA/asgiovaneitalia/src/components/PageComponents/Activities/Activities.jsx": {"path":"/home/chris/00__DEV/04_GIOVANE_ITALIA/asgiovaneitalia/src/components/PageComponents/Activities/Activities.jsx","statementMap":{"0":{"start":{"line":9,"column":9},"end":{"line":50,"column":null}},"1":{"start":{"line":10,"column":16},"end":{"line":10,"column":null}},"2":{"start":{"line":13,"column":1},"end":{"line":16,"column":null}},"3":{"start":{"line":14,"column":32},"end":{"line":14,"column":null}},"4":{"start":{"line":15,"column":4},"end":{"line":15,"column":null}},"5":{"start":{"line":18,"column":1},"end":{"line":26,"column":null}},"6":{"start":{"line":18,"column":1},"end":{"line":18,"column":null}},"7":{"start":{"line":20,"column":20},"end":{"line":20,"column":24}},"8":{"start":{"line":20,"column":24},"end":{"line":20,"column":49}},"9":{"start":{"line":20,"column":24},"end":{"line":23,"column":null}},"10":{"start":{"line":23,"column":14},"end":{"line":23,"column":25}},"11":{"start":{"line":23,"column":25},"end":{"line":40,"column":null}},"12":{"start":{"line":27,"column":21},"end":{"line":27,"column":35}},"13":{"start":{"line":28,"column":22},"end":{"line":38,"column":null}},"14":{"start":{"line":28,"column":27},"end":{"line":28,"column":null}},"15":{"start":{"line":28,"column":27},"end":{"line":36,"column":null}},"16":{"start":{"line":36,"column":22},"end":{"line":36,"column":32}},"17":{"start":{"line":36,"column":32},"end":{"line":38,"column":null}},"18":{"start":{"line":30,"column":27},"end":{"line":30,"column":43}},"19":{"start":{"line":31,"column":30},"end":{"line":31,"column":50}},"20":{"start":{"line":32,"column":31},"end":{"line":32,"column":39}},"21":{"start":{"line":35,"column":29},"end":{"line":35,"column":50}},"22":{"start":{"line":38,"column":33},"end":{"line":38,"column":42}},"23":{"start":{"line":38,"column":52},"end":{"line":38,"column":72}},"24":{"start":{"line":38,"column":72},"end":{"line":38,"column":null}},"25":{"start":{"line":40,"column":21},"end":{"line":26,"column":null}},"26":{"start":{"line":20,"column":49},"end":{"line":20,"column":84}},"27":{"start":{"line":21,"column":20},"end":{"line":21,"column":39}},"28":{"start":{"line":22,"column":21},"end":{"line":22,"column":38}},"29":{"start":{"line":26,"column":21},"end":{"line":26,"column":41}},"30":{"start":{"line":26,"column":41},"end":{"line":26,"column":null}},"31":{"start":{"line":52,"column":26},"end":{"line":52,"column":null}}},"fnMap":{"0":{"name":"Activities2","decl":{"start":{"line":9,"column":9},"end":{"line":9,"column":19}},"loc":{"start":{"line":9,"column":27},"end":{"line":50,"column":1}},"line":9},"1":{"name":"(anonymous_1)","decl":{"start":{"line":13,"column":9},"end":{"line":13,"column":15}},"loc":{"start":{"line":13,"column":15},"end":{"line":16,"column":2}},"line":13},"2":{"name":"(anonymous_2)","decl":{"start":{"line":18,"column":1},"end":{"line":18,"column":null}},"loc":{"start":{"line":18,"column":1},"end":{"line":26,"column":null}},"line":18},"3":{"name":"(anonymous_3)","decl":{"start":{"line":20,"column":24},"end":{"line":20,"column":49}},"loc":{"start":{"line":23,"column":14},"end":{"line":23,"column":25}},"line":23},"4":{"name":"(anonymous_4)","decl":{"start":{"line":27,"column":17},"end":{"line":27,"column":21}},"loc":{"start":{"line":27,"column":21},"end":{"line":27,"column":null}},"line":27},"5":{"name":"(anonymous_5)","decl":{"start":{"line":28,"column":15},"end":{"line":28,"column":16}},"loc":{"start":{"line":28,"column":22},"end":{"line":38,"column":null}},"line":28},"6":{"name":"(anonymous_6)","decl":{"start":{"line":28,"column":27},"end":{"line":28,"column":null}},"loc":{"start":{"line":28,"column":27},"end":{"line":38,"column":null}},"line":28},"7":{"name":"(anonymous_7)","decl":{"start":{"line":36,"column":32},"end":{"line":36,"column":null}},"loc":{"start":{"line":36,"column":32},"end":{"line":38,"column":null}},"line":36},"8":{"name":"(anonymous_8)","decl":{"start":{"line":40,"column":21},"end":{"line":40,"column":null}},"loc":{"start":{"line":40,"column":21},"end":{"line":26,"column":null}},"line":40}},"branchMap":{"0":{"loc":{"start":{"line":20,"column":24},"end":{"line":20,"column":49}},"type":"cond-expr","locations":[{"start":{"line":20,"column":24},"end":{"line":20,"column":49}},{"start":{"line":20,"column":20},"end":{"line":20,"column":49}}],"line":20},"1":{"loc":{"start":{"line":38,"column":72},"end":{"line":38,"column":null}},"type":"binary-expr","locations":[{"start":{"line":38,"column":72},"end":{"line":38,"column":null}},{"start":{"line":38,"column":72},"end":{"line":38,"column":null}}],"line":38},"2":{"loc":{"start":{"line":26,"column":41},"end":{"line":26,"column":null}},"type":"binary-expr","locations":[{"start":{"line":26,"column":41},"end":{"line":26,"column":null}},{"start":{"line":26,"column":41},"end":{"line":26,"column":null}}],"line":26},"3":{"loc":{"start":{"line":52,"column":26},"end":{"line":52,"column":null}},"type":"if","locations":[{"start":{"line":52,"column":26},"end":{"line":52,"column":null}},{"start":{},"end":{}}],"line":52}},"s":{"0":1,"1":3,"2":3,"3":3,"4":3,"5":3,"6":3,"7":3,"8":3,"9":3,"10":3,"11":3,"12":3,"13":6,"14":6,"15":6,"16":6,"17":6,"18":6,"19":6,"20":6,"21":6,"22":6,"23":6,"24":6,"25":3,"26":3,"27":3,"28":3,"29":3,"30":3,"31":1},"f":{"0":3,"1":3,"2":3,"3":3,"4":3,"5":6,"6":12,"7":6,"8":3},"b":{"0":[0,3],"1":[36,36],"2":[12,12],"3":[1,0]},"meta":{"lastBranch":4,"lastFunction":9,"lastStatement":32,"seen":{"s:9:9:50:Infinity":0,"f:9:9:9:19":0,"s:10:16:10:Infinity":1,"s:13:1:16:Infinity":2,"f:13:9:13:15":1,"s:14:32:14:Infinity":3,"s:15:4:15:Infinity":4,"s:18:1:26:Infinity":5,"f:18:1:18:Infinity":2,"s:18:1:18:Infinity":6,"s:20:20:20:24":7,"s:20:24:20:49":8,"b:20:24:20:49:20:20:20:49":0,"s:20:24:23:Infinity":9,"f:20:24:20:49":3,"s:23:14:23:25":10,"s:23:25:40:Infinity":11,"f:27:17:27:21":4,"s:27:21:27:35":12,"f:28:15:28:16":5,"s:28:22:38:Infinity":13,"f:28:27:28:Infinity":6,"s:28:27:28:Infinity":14,"s:28:27:36:Infinity":15,"s:36:22:36:32":16,"s:36:32:38:Infinity":17,"f:36:32:36:Infinity":7,"s:30:27:30:43":18,"s:31:30:31:50":19,"s:32:31:32:39":20,"s:35:29:35:50":21,"s:38:33:38:42":22,"s:38:52:38:72":23,"s:38:72:38:Infinity":24,"b:38:72:38:Infinity:38:72:38:Infinity":1,"s:40:21:26:Infinity":25,"f:40:21:40:Infinity":8,"s:20:49:20:84":26,"s:21:20:21:39":27,"s:22:21:22:38":28,"s:26:21:26:41":29,"s:26:41:26:Infinity":30,"b:26:41:26:Infinity:26:41:26:Infinity":2,"b:52:26:52:Infinity:undefined:undefined:undefined:undefined":3,"s:52:26:52:Infinity":31}}}
,"/home/chris/00__DEV/04_GIOVANE_ITALIA/asgiovaneitalia/src/components/PageComponents/Activities/Activities.module.scss": {"path":"/home/chris/00__DEV/04_GIOVANE_ITALIA/asgiovaneitalia/src/components/PageComponents/Activities/Activities.module.scss","statementMap":{},"fnMap":{},"branchMap":{},"s":{},"f":{},"b":{},"meta":{"lastBranch":0,"lastFunction":0,"lastStatement":0,"seen":{}}}
,"/home/chris/00__DEV/04_GIOVANE_ITALIA/asgiovaneitalia/src/components/PageComponents/Footer/Footer.jsx": {"path":"/home/chris/00__DEV/04_GIOVANE_ITALIA/asgiovaneitalia/src/components/PageComponents/Footer/Footer.jsx","statementMap":{"0":{"start":{"line":9,"column":9},"end":{"line":36,"column":null}},"1":{"start":{"line":10,"column":19},"end":{"line":10,"column":null}},"2":{"start":{"line":11,"column":1},"end":{"line":14,"column":null}},"3":{"start":{"line":12,"column":28},"end":{"line":12,"column":null}},"4":{"start":{"line":13,"column":4},"end":{"line":13,"column":null}},"5":{"start":{"line":16,"column":1},"end":{"line":30,"column":42}},"6":{"start":{"line":16,"column":1},"end":{"line":16,"column":null}},"7":{"start":{"line":16,"column":1},"end":{"line":21,"column":null}},"8":{"start":{"line":21,"column":43},"end":{"line":21,"column":57}},"9":{"start":{"line":21,"column":57},"end":{"line":25,"column":null}},"10":{"start":{"line":25,"column":42},"end":{"line":25,"column":53}},"11":{"start":{"line":25,"column":53},"end":{"line":26,"column":null}},"12":{"start":{"line":26,"column":42},"end":{"line":26,"column":56}},"13":{"start":{"line":26,"column":56},"end":{"line":29,"column":null}},"14":{"start":{"line":29,"column":42},"end":{"line":29,"column":56}},"15":{"start":{"line":29,"column":56},"end":{"line":30,"column":null}},"16":{"start":{"line":30,"column":42},"end":{"line":30,"column":54}},"17":{"start":{"line":30,"column":54},"end":{"line":30,"column":42}},"18":{"start":{"line":18,"column":33},"end":{"line":18,"column":54}},"19":{"start":{"line":19,"column":20},"end":{"line":19,"column":39}},"20":{"start":{"line":21,"column":22},"end":{"line":21,"column":39}},"21":{"start":{"line":22,"column":26},"end":{"line":22,"column":42}},"22":{"start":{"line":22,"column":51},"end":{"line":22,"column":67}},"23":{"start":{"line":25,"column":22},"end":{"line":25,"column":38}},"24":{"start":{"line":26,"column":22},"end":{"line":26,"column":38}},"25":{"start":{"line":29,"column":22},"end":{"line":29,"column":38}},"26":{"start":{"line":30,"column":22},"end":{"line":30,"column":38}},"27":{"start":{"line":30,"column":38},"end":{"line":30,"column":42}},"28":{"start":{"line":38,"column":22},"end":{"line":38,"column":null}}},"fnMap":{"0":{"name":"Footer2","decl":{"start":{"line":9,"column":9},"end":{"line":9,"column":15}},"loc":{"start":{"line":9,"column":23},"end":{"line":36,"column":1}},"line":9},"1":{"name":"(anonymous_1)","decl":{"start":{"line":11,"column":9},"end":{"line":11,"column":15}},"loc":{"start":{"line":11,"column":15},"end":{"line":14,"column":2}},"line":11},"2":{"name":"(anonymous_2)","decl":{"start":{"line":16,"column":1},"end":{"line":16,"column":null}},"loc":{"start":{"line":16,"column":1},"end":{"line":30,"column":42}},"line":16},"3":{"name":"(anonymous_3)","decl":{"start":{"line":21,"column":57},"end":{"line":21,"column":null}},"loc":{"start":{"line":25,"column":42},"end":{"line":25,"column":53}},"line":25},"4":{"name":"(anonymous_4)","decl":{"start":{"line":25,"column":53},"end":{"line":25,"column":null}},"loc":{"start":{"line":26,"column":42},"end":{"line":26,"column":56}},"line":26},"5":{"name":"(anonymous_5)","decl":{"start":{"line":26,"column":56},"end":{"line":26,"column":null}},"loc":{"start":{"line":29,"column":42},"end":{"line":29,"column":56}},"line":29},"6":{"name":"(anonymous_6)","decl":{"start":{"line":29,"column":56},"end":{"line":29,"column":null}},"loc":{"start":{"line":30,"column":42},"end":{"line":30,"column":54}},"line":30},"7":{"name":"(anonymous_7)","decl":{"start":{"line":30,"column":54},"end":{"line":30,"column":null}},"loc":{"start":{"line":30,"column":54},"end":{"line":30,"column":42}},"line":30}},"branchMap":{"0":{"loc":{"start":{"line":30,"column":38},"end":{"line":30,"column":42}},"type":"binary-expr","locations":[{"start":{"line":30,"column":38},"end":{"line":30,"column":42}},{"start":{"line":30,"column":38},"end":{"line":30,"column":42}}],"line":30},"1":{"loc":{"start":{"line":38,"column":22},"end":{"line":38,"column":null}},"type":"if","locations":[{"start":{"line":38,"column":22},"end":{"line":38,"column":null}},{"start":{},"end":{}}],"line":38}},"s":{"0":1,"1":3,"2":3,"3":3,"4":3,"5":3,"6":3,"7":3,"8":3,"9":3,"10":3,"11":3,"12":3,"13":3,"14":3,"15":3,"16":3,"17":3,"18":3,"19":3,"20":3,"21":3,"22":3,"23":3,"24":3,"25":3,"26":3,"27":3,"28":1},"f":{"0":3,"1":3,"2":6,"3":3,"4":3,"5":3,"6":3,"7":3},"b":{"0":[27,27],"1":[1,0]},"meta":{"lastBranch":2,"lastFunction":8,"lastStatement":29,"seen":{"s:9:9:36:Infinity":0,"f:9:9:9:15":0,"s:10:19:10:Infinity":1,"s:11:1:14:Infinity":2,"f:11:9:11:15":1,"s:12:28:12:Infinity":3,"s:13:4:13:Infinity":4,"s:16:1:30:42":5,"f:16:1:16:Infinity":2,"s:16:1:16:Infinity":6,"s:16:1:21:Infinity":7,"s:21:43:21:57":8,"s:21:57:25:Infinity":9,"f:21:57:21:Infinity":3,"s:25:42:25:53":10,"s:25:53:26:Infinity":11,"f:25:53:25:Infinity":4,"s:26:42:26:56":12,"s:26:56:29:Infinity":13,"f:26:56:26:Infinity":5,"s:29:42:29:56":14,"s:29:56:30:Infinity":15,"f:29:56:29:Infinity":6,"s:30:42:30:54":16,"s:30:54:30:42":17,"f:30:54:30:Infinity":7,"s:18:33:18:54":18,"s:19:20:19:39":19,"s:21:22:21:39":20,"s:22:26:22:42":21,"s:22:51:22:67":22,"s:25:22:25:38":23,"s:26:22:26:38":24,"s:29:22:29:38":25,"s:30:22:30:38":26,"s:30:38:30:42":27,"b:30:38:30:42:30:38:30:42":0,"b:38:22:38:Infinity:undefined:undefined:undefined:undefined":1,"s:38:22:38:Infinity":28}}}
,"/home/chris/00__DEV/04_GIOVANE_ITALIA/asgiovaneitalia/src/components/PageComponents/Footer/Footer.module.scss": {"path":"/home/chris/00__DEV/04_GIOVANE_ITALIA/asgiovaneitalia/src/components/PageComponents/Footer/Footer.module.scss","statementMap":{},"fnMap":{},"branchMap":{},"s":{},"f":{},"b":{},"meta":{"lastBranch":0,"lastFunction":0,"lastStatement":0,"seen":{}}}
,"/home/chris/00__DEV/04_GIOVANE_ITALIA/asgiovaneitalia/src/components/PageComponents/Hero/Hero.jsx": {"path":"/home/chris/00__DEV/04_GIOVANE_ITALIA/asgiovaneitalia/src/components/PageComponents/Hero/Hero.jsx","statementMap":{"0":{"start":{"line":9,"column":9},"end":{"line":39,"column":null}},"1":{"start":{"line":10,"column":17},"end":{"line":10,"column":null}},"2":{"start":{"line":13,"column":2},"end":{"line":18,"column":null}},"3":{"start":{"line":15,"column":26},"end":{"line":15,"column":null}},"4":{"start":{"line":17,"column":4},"end":{"line":17,"column":null}},"5":{"start":{"line":20,"column":2},"end":{"line":31,"column":null}},"6":{"start":{"line":20,"column":2},"end":{"line":20,"column":null}},"7":{"start":{"line":23,"column":18},"end":{"line":23,"column":22}},"8":{"start":{"line":23,"column":22},"end":{"line":23,"column":41}},"9":{"start":{"line":23,"column":22},"end":{"line":26,"column":null}},"10":{"start":{"line":26,"column":15},"end":{"line":26,"column":27}},"11":{"start":{"line":26,"column":27},"end":{"line":29,"column":null}},"12":{"start":{"line":29,"column":15},"end":{"line":29,"column":27}},"13":{"start":{"line":29,"column":27},"end":{"line":32,"column":null}},"14":{"start":{"line":32,"column":15},"end":{"line":32,"column":25}},"15":{"start":{"line":32,"column":25},"end":{"line":31,"column":null}},"16":{"start":{"line":22,"column":19},"end":{"line":22,"column":36}},"17":{"start":{"line":23,"column":41},"end":{"line":23,"column":68}},"18":{"start":{"line":24,"column":22},"end":{"line":24,"column":41}},"19":{"start":{"line":25,"column":23},"end":{"line":25,"column":40}},"20":{"start":{"line":28,"column":22},"end":{"line":28,"column":39}},"21":{"start":{"line":31,"column":24},"end":{"line":31,"column":39}},"22":{"start":{"line":31,"column":39},"end":{"line":31,"column":null}},"23":{"start":{"line":41,"column":20},"end":{"line":41,"column":null}}},"fnMap":{"0":{"name":"Hero2","decl":{"start":{"line":9,"column":9},"end":{"line":9,"column":13}},"loc":{"start":{"line":9,"column":21},"end":{"line":39,"column":1}},"line":9},"1":{"name":"(anonymous_1)","decl":{"start":{"line":13,"column":10},"end":{"line":13,"column":16}},"loc":{"start":{"line":13,"column":16},"end":{"line":18,"column":3}},"line":13},"2":{"name":"(anonymous_2)","decl":{"start":{"line":20,"column":2},"end":{"line":20,"column":null}},"loc":{"start":{"line":20,"column":2},"end":{"line":31,"column":null}},"line":20},"3":{"name":"(anonymous_3)","decl":{"start":{"line":23,"column":22},"end":{"line":23,"column":41}},"loc":{"start":{"line":26,"column":15},"end":{"line":26,"column":27}},"line":26},"4":{"name":"(anonymous_4)","decl":{"start":{"line":26,"column":27},"end":{"line":26,"column":null}},"loc":{"start":{"line":29,"column":15},"end":{"line":29,"column":27}},"line":29},"5":{"name":"(anonymous_5)","decl":{"start":{"line":29,"column":27},"end":{"line":29,"column":null}},"loc":{"start":{"line":32,"column":15},"end":{"line":32,"column":25}},"line":32},"6":{"name":"(anonymous_6)","decl":{"start":{"line":32,"column":25},"end":{"line":32,"column":null}},"loc":{"start":{"line":32,"column":25},"end":{"line":31,"column":null}},"line":32}},"branchMap":{"0":{"loc":{"start":{"line":23,"column":22},"end":{"line":23,"column":41}},"type":"cond-expr","locations":[{"start":{"line":23,"column":22},"end":{"line":23,"column":41}},{"start":{"line":23,"column":18},"end":{"line":23,"column":41}}],"line":23},"1":{"loc":{"start":{"line":31,"column":39},"end":{"line":31,"column":null}},"type":"binary-expr","locations":[{"start":{"line":31,"column":39},"end":{"line":31,"column":null}},{"start":{"line":31,"column":39},"end":{"line":31,"column":null}}],"line":31},"2":{"loc":{"start":{"line":41,"column":20},"end":{"line":41,"column":null}},"type":"if","locations":[{"start":{"line":41,"column":20},"end":{"line":41,"column":null}},{"start":{},"end":{}}],"line":41}},"s":{"0":1,"1":4,"2":4,"3":4,"4":4,"5":4,"6":4,"7":4,"8":4,"9":4,"10":4,"11":4,"12":4,"13":4,"14":4,"15":4,"16":4,"17":4,"18":4,"19":4,"20":4,"21":4,"22":4,"23":1},"f":{"0":4,"1":4,"2":4,"3":4,"4":4,"5":4,"6":4},"b":{"0":[0,4],"1":[24,24],"2":[1,0]},"meta":{"lastBranch":3,"lastFunction":7,"lastStatement":24,"seen":{"s:9:9:39:Infinity":0,"f:9:9:9:13":0,"s:10:17:10:Infinity":1,"s:13:2:18:Infinity":2,"f:13:10:13:16":1,"s:15:26:15:Infinity":3,"s:17:4:17:Infinity":4,"s:20:2:31:Infinity":5,"f:20:2:20:Infinity":2,"s:20:2:20:Infinity":6,"s:23:18:23:22":7,"s:23:22:23:41":8,"b:23:22:23:41:23:18:23:41":0,"s:23:22:26:Infinity":9,"f:23:22:23:41":3,"s:26:15:26:27":10,"s:26:27:29:Infinity":11,"f:26:27:26:Infinity":4,"s:29:15:29:27":12,"s:29:27:32:Infinity":13,"f:29:27:29:Infinity":5,"s:32:15:32:25":14,"s:32:25:31:Infinity":15,"f:32:25:32:Infinity":6,"s:22:19:22:36":16,"s:23:41:23:68":17,"s:24:22:24:41":18,"s:25:23:25:40":19,"s:28:22:28:39":20,"s:31:24:31:39":21,"s:31:39:31:Infinity":22,"b:31:39:31:Infinity:31:39:31:Infinity":1,"b:41:20:41:Infinity:undefined:undefined:undefined:undefined":2,"s:41:20:41:Infinity":23}}}
,"/home/chris/00__DEV/04_GIOVANE_ITALIA/asgiovaneitalia/src/components/PageComponents/Hero/Hero.module.scss": {"path":"/home/chris/00__DEV/04_GIOVANE_ITALIA/asgiovaneitalia/src/components/PageComponents/Hero/Hero.module.scss","statementMap":{},"fnMap":{},"branchMap":{},"s":{},"f":{},"b":{},"meta":{"lastBranch":0,"lastFunction":0,"lastStatement":0,"seen":{}}}
,"/home/chris/00__DEV/04_GIOVANE_ITALIA/asgiovaneitalia/src/components/PageComponents/History/History.jsx": {"path":"/home/chris/00__DEV/04_GIOVANE_ITALIA/asgiovaneitalia/src/components/PageComponents/History/History.jsx","statementMap":{"0":{"start":{"line":9,"column":9},"end":{"line":52,"column":null}},"1":{"start":{"line":10,"column":20},"end":{"line":10,"column":null}},"2":{"start":{"line":13,"column":1},"end":{"line":16,"column":null}},"3":{"start":{"line":14,"column":29},"end":{"line":14,"column":null}},"4":{"start":{"line":15,"column":4},"end":{"line":15,"column":null}},"5":{"start":{"line":18,"column":1},"end":{"line":33,"column":null}},"6":{"start":{"line":18,"column":1},"end":{"line":18,"column":null}},"7":{"start":{"line":20,"column":20},"end":{"line":20,"column":24}},"8":{"start":{"line":20,"column":24},"end":{"line":20,"column":46}},"9":{"start":{"line":20,"column":24},"end":{"line":24,"column":null}},"10":{"start":{"line":24,"column":16},"end":{"line":24,"column":31}},"11":{"start":{"line":24,"column":31},"end":{"line":31,"column":null}},"12":{"start":{"line":31,"column":16},"end":{"line":31,"column":35}},"13":{"start":{"line":31,"column":35},"end":{"line":43,"column":null}},"14":{"start":{"line":34,"column":23},"end":{"line":34,"column":44}},"15":{"start":{"line":35,"column":24},"end":{"line":40,"column":null}},"16":{"start":{"line":35,"column":29},"end":{"line":35,"column":null}},"17":{"start":{"line":35,"column":29},"end":{"line":38,"column":null}},"18":{"start":{"line":38,"column":24},"end":{"line":38,"column":33}},"19":{"start":{"line":38,"column":33},"end":{"line":41,"column":null}},"20":{"start":{"line":41,"column":24},"end":{"line":41,"column":33}},"21":{"start":{"line":41,"column":33},"end":{"line":40,"column":null}},"22":{"start":{"line":36,"column":29},"end":{"line":36,"column":50}},"23":{"start":{"line":37,"column":32},"end":{"line":37,"column":53}},"24":{"start":{"line":40,"column":32},"end":{"line":40,"column":53}},"25":{"start":{"line":40,"column":53},"end":{"line":40,"column":null}},"26":{"start":{"line":43,"column":23},"end":{"line":33,"column":null}},"27":{"start":{"line":20,"column":46},"end":{"line":20,"column":81}},"28":{"start":{"line":21,"column":20},"end":{"line":21,"column":39}},"29":{"start":{"line":22,"column":22},"end":{"line":22,"column":38}},"30":{"start":{"line":23,"column":23},"end":{"line":23,"column":40}},"31":{"start":{"line":26,"column":26},"end":{"line":26,"column":40}},"32":{"start":{"line":26,"column":49},"end":{"line":26,"column":65}},"33":{"start":{"line":29,"column":22},"end":{"line":29,"column":39}},"34":{"start":{"line":30,"column":23},"end":{"line":30,"column":45}},"35":{"start":{"line":33,"column":23},"end":{"line":33,"column":44}},"36":{"start":{"line":33,"column":44},"end":{"line":33,"column":null}},"37":{"start":{"line":54,"column":23},"end":{"line":54,"column":null}}},"fnMap":{"0":{"name":"History2","decl":{"start":{"line":9,"column":9},"end":{"line":9,"column":16}},"loc":{"start":{"line":9,"column":24},"end":{"line":52,"column":1}},"line":9},"1":{"name":"(anonymous_1)","decl":{"start":{"line":13,"column":9},"end":{"line":13,"column":15}},"loc":{"start":{"line":13,"column":15},"end":{"line":16,"column":2}},"line":13},"2":{"name":"(anonymous_2)","decl":{"start":{"line":18,"column":1},"end":{"line":18,"column":null}},"loc":{"start":{"line":18,"column":1},"end":{"line":33,"column":null}},"line":18},"3":{"name":"(anonymous_3)","decl":{"start":{"line":20,"column":24},"end":{"line":20,"column":46}},"loc":{"start":{"line":24,"column":16},"end":{"line":24,"column":31}},"line":24},"4":{"name":"(anonymous_4)","decl":{"start":{"line":24,"column":31},"end":{"line":24,"column":null}},"loc":{"start":{"line":31,"column":16},"end":{"line":31,"column":35}},"line":31},"5":{"name":"(anonymous_5)","decl":{"start":{"line":34,"column":19},"end":{"line":34,"column":23}},"loc":{"start":{"line":34,"column":23},"end":{"line":34,"column":null}},"line":34},"6":{"name":"(anonymous_6)","decl":{"start":{"line":35,"column":17},"end":{"line":35,"column":18}},"loc":{"start":{"line":35,"column":24},"end":{"line":40,"column":null}},"line":35},"7":{"name":"(anonymous_7)","decl":{"start":{"line":35,"column":29},"end":{"line":35,"column":null}},"loc":{"start":{"line":35,"column":29},"end":{"line":40,"column":null}},"line":35},"8":{"name":"(anonymous_8)","decl":{"start":{"line":38,"column":33},"end":{"line":38,"column":null}},"loc":{"start":{"line":41,"column":24},"end":{"line":41,"column":33}},"line":41},"9":{"name":"(anonymous_9)","decl":{"start":{"line":41,"column":33},"end":{"line":41,"column":null}},"loc":{"start":{"line":41,"column":33},"end":{"line":40,"column":null}},"line":41},"10":{"name":"(anonymous_10)","decl":{"start":{"line":43,"column":23},"end":{"line":43,"column":null}},"loc":{"start":{"line":43,"column":23},"end":{"line":33,"column":null}},"line":43}},"branchMap":{"0":{"loc":{"start":{"line":20,"column":24},"end":{"line":20,"column":46}},"type":"cond-expr","locations":[{"start":{"line":20,"column":24},"end":{"line":20,"column":46}},{"start":{"line":20,"column":20},"end":{"line":20,"column":46}}],"line":20},"1":{"loc":{"start":{"line":40,"column":53},"end":{"line":40,"column":null}},"type":"binary-expr","locations":[{"start":{"line":40,"column":53},"end":{"line":40,"column":null}},{"start":{"line":40,"column":53},"end":{"line":40,"column":null}}],"line":40},"2":{"loc":{"start":{"line":33,"column":44},"end":{"line":33,"column":null}},"type":"binary-expr","locations":[{"start":{"line":33,"column":44},"end":{"line":33,"column":null}},{"start":{"line":33,"column":44},"end":{"line":33,"column":null}}],"line":33},"3":{"loc":{"start":{"line":54,"column":23},"end":{"line":54,"column":null}},"type":"if","locations":[{"start":{"line":54,"column":23},"end":{"line":54,"column":null}},{"start":{},"end":{}}],"line":54}},"s":{"0":1,"1":3,"2":3,"3":3,"4":3,"5":3,"6":3,"7":3,"8":3,"9":3,"10":3,"11":3,"12":3,"13":3,"14":3,"15":6,"16":6,"17":6,"18":6,"19":6,"20":6,"21":6,"22":6,"23":6,"24":6,"25":6,"26":3,"27":3,"28":3,"29":3,"30":3,"31":3,"32":3,"33":3,"34":3,"35":3,"36":3,"37":1},"f":{"0":3,"1":3,"2":3,"3":3,"4":3,"5":3,"6":6,"7":12,"8":6,"9":6,"10":3},"b":{"0":[0,3],"1":[18,18],"2":[27,27],"3":[1,0]},"meta":{"lastBranch":4,"lastFunction":11,"lastStatement":38,"seen":{"s:9:9:52:Infinity":0,"f:9:9:9:16":0,"s:10:20:10:Infinity":1,"s:13:1:16:Infinity":2,"f:13:9:13:15":1,"s:14:29:14:Infinity":3,"s:15:4:15:Infinity":4,"s:18:1:33:Infinity":5,"f:18:1:18:Infinity":2,"s:18:1:18:Infinity":6,"s:20:20:20:24":7,"s:20:24:20:46":8,"b:20:24:20:46:20:20:20:46":0,"s:20:24:24:Infinity":9,"f:20:24:20:46":3,"s:24:16:24:31":10,"s:24:31:31:Infinity":11,"f:24:31:24:Infinity":4,"s:31:16:31:35":12,"s:31:35:43:Infinity":13,"f:34:19:34:23":5,"s:34:23:34:44":14,"f:35:17:35:18":6,"s:35:24:40:Infinity":15,"f:35:29:35:Infinity":7,"s:35:29:35:Infinity":16,"s:35:29:38:Infinity":17,"s:38:24:38:33":18,"s:38:33:41:Infinity":19,"f:38:33:38:Infinity":8,"s:41:24:41:33":20,"s:41:33:40:Infinity":21,"f:41:33:41:Infinity":9,"s:36:29:36:50":22,"s:37:32:37:53":23,"s:40:32:40:53":24,"s:40:53:40:Infinity":25,"b:40:53:40:Infinity:40:53:40:Infinity":1,"s:43:23:33:Infinity":26,"f:43:23:43:Infinity":10,"s:20:46:20:81":27,"s:21:20:21:39":28,"s:22:22:22:38":29,"s:23:23:23:40":30,"s:26:26:26:40":31,"s:26:49:26:65":32,"s:29:22:29:39":33,"s:30:23:30:45":34,"s:33:23:33:44":35,"s:33:44:33:Infinity":36,"b:33:44:33:Infinity:33:44:33:Infinity":2,"b:54:23:54:Infinity:undefined:undefined:undefined:undefined":3,"s:54:23:54:Infinity":37}}}
,"/home/chris/00__DEV/04_GIOVANE_ITALIA/asgiovaneitalia/src/components/PageComponents/History/History.module.scss": {"path":"/home/chris/00__DEV/04_GIOVANE_ITALIA/asgiovaneitalia/src/components/PageComponents/History/History.module.scss","statementMap":{},"fnMap":{},"branchMap":{},"s":{},"f":{},"b":{},"meta":{"lastBranch":0,"lastFunction":0,"lastStatement":0,"seen":{}}}
,"/home/chris/00__DEV/04_GIOVANE_ITALIA/asgiovaneitalia/src/components/PageComponents/Membership/Membership.jsx": {"path":"/home/chris/00__DEV/04_GIOVANE_ITALIA/asgiovaneitalia/src/components/PageComponents/Membership/Membership.jsx","statementMap":{"0":{"start":{"line":9,"column":9},"end":{"line":47,"column":null}},"1":{"start":{"line":10,"column":16},"end":{"line":10,"column":null}},"2":{"start":{"line":13,"column":1},"end":{"line":16,"column":null}},"3":{"start":{"line":14,"column":32},"end":{"line":14,"column":null}},"4":{"start":{"line":15,"column":4},"end":{"line":15,"column":null}},"5":{"start":{"line":18,"column":1},"end":{"line":38,"column":null}},"6":{"start":{"line":18,"column":1},"end":{"line":18,"column":null}},"7":{"start":{"line":20,"column":20},"end":{"line":20,"column":24}},"8":{"start":{"line":20,"column":24},"end":{"line":20,"column":49}},"9":{"start":{"line":20,"column":24},"end":{"line":24,"column":null}},"10":{"start":{"line":24,"column":16},"end":{"line":24,"column":27}},"11":{"start":{"line":24,"column":27},"end":{"line":29,"column":null}},"12":{"start":{"line":29,"column":16},"end":{"line":29,"column":30}},"13":{"start":{"line":29,"column":30},"end":{"line":34,"column":null}},"14":{"start":{"line":31,"column":21},"end":{"line":31,"column":34}},"15":{"start":{"line":32,"column":22},"end":{"line":33,"column":null}},"16":{"start":{"line":32,"column":27},"end":{"line":32,"column":null}},"17":{"start":{"line":32,"column":27},"end":{"line":33,"column":35}},"18":{"start":{"line":33,"column":35},"end":{"line":33,"column":null}},"19":{"start":{"line":33,"column":61},"end":{"line":33,"column":null}},"20":{"start":{"line":34,"column":20},"end":{"line":39,"column":null}},"21":{"start":{"line":39,"column":20},"end":{"line":39,"column":29}},"22":{"start":{"line":39,"column":29},"end":{"line":38,"column":null}},"23":{"start":{"line":20,"column":49},"end":{"line":20,"column":84}},"24":{"start":{"line":21,"column":20},"end":{"line":21,"column":39}},"25":{"start":{"line":22,"column":22},"end":{"line":22,"column":42}},"26":{"start":{"line":23,"column":23},"end":{"line":23,"column":40}},"27":{"start":{"line":27,"column":22},"end":{"line":27,"column":43}},"28":{"start":{"line":28,"column":23},"end":{"line":28,"column":43}},"29":{"start":{"line":37,"column":21},"end":{"line":37,"column":31}},"30":{"start":{"line":38,"column":26},"end":{"line":38,"column":41}},"31":{"start":{"line":38,"column":41},"end":{"line":38,"column":null}},"32":{"start":{"line":49,"column":26},"end":{"line":49,"column":null}}},"fnMap":{"0":{"name":"Membership2","decl":{"start":{"line":9,"column":9},"end":{"line":9,"column":19}},"loc":{"start":{"line":9,"column":27},"end":{"line":47,"column":1}},"line":9},"1":{"name":"(anonymous_1)","decl":{"start":{"line":13,"column":9},"end":{"line":13,"column":15}},"loc":{"start":{"line":13,"column":15},"end":{"line":16,"column":2}},"line":13},"2":{"name":"(anonymous_2)","decl":{"start":{"line":18,"column":1},"end":{"line":18,"column":null}},"loc":{"start":{"line":18,"column":1},"end":{"line":38,"column":null}},"line":18},"3":{"name":"(anonymous_3)","decl":{"start":{"line":20,"column":24},"end":{"line":20,"column":49}},"loc":{"start":{"line":24,"column":16},"end":{"line":24,"column":27}},"line":24},"4":{"name":"(anonymous_4)","decl":{"start":{"line":24,"column":27},"end":{"line":24,"column":null}},"loc":{"start":{"line":29,"column":16},"end":{"line":29,"column":30}},"line":29},"5":{"name":"(anonymous_5)","decl":{"start":{"line":31,"column":17},"end":{"line":31,"column":21}},"loc":{"start":{"line":31,"column":21},"end":{"line":31,"column":null}},"line":31},"6":{"name":"(anonymous_6)","decl":{"start":{"line":32,"column":15},"end":{"line":32,"column":16}},"loc":{"start":{"line":32,"column":22},"end":{"line":33,"column":null}},"line":32},"7":{"name":"(anonymous_7)","decl":{"start":{"line":32,"column":27},"end":{"line":32,"column":null}},"loc":{"start":{"line":32,"column":27},"end":{"line":33,"column":null}},"line":32},"8":{"name":"(anonymous_8)","decl":{"start":{"line":33,"column":35},"end":{"line":33,"column":45}},"loc":{"start":{"line":33,"column":35},"end":{"line":33,"column":null}},"line":33},"9":{"name":"(anonymous_9)","decl":{"start":{"line":34,"column":20},"end":{"line":34,"column":null}},"loc":{"start":{"line":39,"column":20},"end":{"line":39,"column":29}},"line":39},"10":{"name":"(anonymous_10)","decl":{"start":{"line":39,"column":29},"end":{"line":39,"column":null}},"loc":{"start":{"line":39,"column":29},"end":{"line":38,"column":null}},"line":39}},"branchMap":{"0":{"loc":{"start":{"line":20,"column":24},"end":{"line":20,"column":49}},"type":"cond-expr","locations":[{"start":{"line":20,"column":24},"end":{"line":20,"column":49}},{"start":{"line":20,"column":20},"end":{"line":20,"column":49}}],"line":20},"1":{"loc":{"start":{"line":38,"column":41},"end":{"line":38,"column":null}},"type":"binary-expr","locations":[{"start":{"line":38,"column":41},"end":{"line":38,"column":null}},{"start":{"line":38,"column":41},"end":{"line":38,"column":null}}],"line":38},"2":{"loc":{"start":{"line":49,"column":26},"end":{"line":49,"column":null}},"type":"if","locations":[{"start":{"line":49,"column":26},"end":{"line":49,"column":null}},{"start":{},"end":{}}],"line":49}},"s":{"0":1,"1":3,"2":3,"3":3,"4":3,"5":3,"6":3,"7":3,"8":3,"9":3,"10":3,"11":3,"12":3,"13":3,"14":3,"15":6,"16":6,"17":6,"18":6,"19":6,"20":3,"21":3,"22":3,"23":3,"24":3,"25":3,"26":3,"27":3,"28":3,"29":3,"30":3,"31":3,"32":1},"f":{"0":3,"1":3,"2":3,"3":3,"4":3,"5":3,"6":6,"7":6,"8":6,"9":3,"10":3},"b":{"0":[0,3],"1":[24,24],"2":[1,0]},"meta":{"lastBranch":3,"lastFunction":11,"lastStatement":33,"seen":{"s:9:9:47:Infinity":0,"f:9:9:9:19":0,"s:10:16:10:Infinity":1,"s:13:1:16:Infinity":2,"f:13:9:13:15":1,"s:14:32:14:Infinity":3,"s:15:4:15:Infinity":4,"s:18:1:38:Infinity":5,"f:18:1:18:Infinity":2,"s:18:1:18:Infinity":6,"s:20:20:20:24":7,"s:20:24:20:49":8,"b:20:24:20:49:20:20:20:49":0,"s:20:24:24:Infinity":9,"f:20:24:20:49":3,"s:24:16:24:27":10,"s:24:27:29:Infinity":11,"f:24:27:24:Infinity":4,"s:29:16:29:30":12,"s:29:30:34:Infinity":13,"f:31:17:31:21":5,"s:31:21:31:34":14,"f:32:15:32:16":6,"s:32:22:33:Infinity":15,"f:32:27:32:Infinity":7,"s:32:27:32:Infinity":16,"s:32:27:33:35":17,"s:33:35:33:Infinity":18,"f:33:35:33:45":8,"s:33:61:33:Infinity":19,"s:34:20:39:Infinity":20,"f:34:20:34:Infinity":9,"s:39:20:39:29":21,"s:39:29:38:Infinity":22,"f:39:29:39:Infinity":10,"s:20:49:20:84":23,"s:21:20:21:39":24,"s:22:22:22:42":25,"s:23:23:23:40":26,"s:27:22:27:43":27,"s:28:23:28:43":28,"s:37:21:37:31":29,"s:38:26:38:41":30,"s:38:41:38:Infinity":31,"b:38:41:38:Infinity:38:41:38:Infinity":1,"b:49:26:49:Infinity:undefined:undefined:undefined:undefined":2,"s:49:26:49:Infinity":32}}}
,"/home/chris/00__DEV/04_GIOVANE_ITALIA/asgiovaneitalia/src/components/PageComponents/Membership/Membership.module.scss": {"path":"/home/chris/00__DEV/04_GIOVANE_ITALIA/asgiovaneitalia/src/components/PageComponents/Membership/Membership.module.scss","statementMap":{},"fnMap":{},"branchMap":{},"s":{},"f":{},"b":{},"meta":{"lastBranch":0,"lastFunction":0,"lastStatement":0,"seen":{}}}
,"/home/chris/00__DEV/04_GIOVANE_ITALIA/asgiovaneitalia/src/components/PageComponents/Where/Where.jsx": {"path":"/home/chris/00__DEV/04_GIOVANE_ITALIA/asgiovaneitalia/src/components/PageComponents/Where/Where.jsx","statementMap":{"0":{"start":{"line":6,"column":9},"end":{"line":30,"column":null}},"1":{"start":{"line":9,"column":1},"end":{"line":19,"column":null}},"2":{"start":{"line":11,"column":16},"end":{"line":18,"column":null}},"3":{"start":{"line":21,"column":1},"end":{"line":24,"column":null}},"4":{"start":{"line":21,"column":1},"end":{"line":21,"column":null}},"5":{"start":{"line":25,"column":20},"end":{"line":25,"column":32}},"6":{"start":{"line":25,"column":32},"end":{"line":25,"column":null}},"7":{"start":{"line":25,"column":32},"end":{"line":24,"column":null}},"8":{"start":{"line":23,"column":33},"end":{"line":23,"column":54}},"9":{"start":{"line":24,"column":20},"end":{"line":24,"column":39}},"10":{"start":{"line":24,"column":39},"end":{"line":24,"column":null}},"11":{"start":{"line":32,"column":21},"end":{"line":32,"column":null}}},"fnMap":{"0":{"name":"Where2","decl":{"start":{"line":6,"column":9},"end":{"line":6,"column":14}},"loc":{"start":{"line":6,"column":22},"end":{"line":30,"column":1}},"line":6},"1":{"name":"(anonymous_1)","decl":{"start":{"line":9,"column":9},"end":{"line":9,"column":15}},"loc":{"start":{"line":9,"column":15},"end":{"line":19,"column":2}},"line":9},"2":{"name":"(anonymous_2)","decl":{"start":{"line":21,"column":1},"end":{"line":21,"column":null}},"loc":{"start":{"line":21,"column":1},"end":{"line":24,"column":null}},"line":21},"3":{"name":"(anonymous_3)","decl":{"start":{"line":25,"column":32},"end":{"line":25,"column":null}},"loc":{"start":{"line":25,"column":32},"end":{"line":24,"column":null}},"line":25}},"branchMap":{"0":{"loc":{"start":{"line":25,"column":32},"end":{"line":25,"column":null}},"type":"cond-expr","locations":[{"start":{"line":25,"column":32},"end":{"line":25,"column":null}},{"start":{"line":25,"column":20},"end":{"line":25,"column":null}}],"line":25},"1":{"loc":{"start":{"line":24,"column":39},"end":{"line":24,"column":null}},"type":"binary-expr","locations":[{"start":{"line":24,"column":39},"end":{"line":24,"column":null}},{"start":{"line":24,"column":39},"end":{"line":24,"column":null}}],"line":24},"2":{"loc":{"start":{"line":32,"column":21},"end":{"line":32,"column":null}},"type":"if","locations":[{"start":{"line":32,"column":21},"end":{"line":32,"column":null}},{"start":{},"end":{}}],"line":32}},"s":{"0":1,"1":2,"2":2,"3":2,"4":2,"5":2,"6":2,"7":2,"8":2,"9":2,"10":2,"11":1},"f":{"0":2,"1":2,"2":2,"3":2},"b":{"0":[0,2],"1":[4,4],"2":[1,0]},"meta":{"lastBranch":3,"lastFunction":4,"lastStatement":12,"seen":{"s:6:9:30:Infinity":0,"f:6:9:6:14":0,"s:9:1:19:Infinity":1,"f:9:9:9:15":1,"s:11:16:18:Infinity":2,"s:21:1:24:Infinity":3,"f:21:1:21:Infinity":2,"s:21:1:21:Infinity":4,"s:25:20:25:32":5,"s:25:32:25:Infinity":6,"b:25:32:25:Infinity:25:20:25:Infinity":0,"s:25:32:24:Infinity":7,"f:25:32:25:Infinity":3,"s:23:33:23:54":8,"s:24:20:24:39":9,"s:24:39:24:Infinity":10,"b:24:39:24:Infinity:24:39:24:Infinity":1,"b:32:21:32:Infinity:undefined:undefined:undefined:undefined":2,"s:32:21:32:Infinity":11}}}
,"/home/chris/00__DEV/04_GIOVANE_ITALIA/asgiovaneitalia/src/components/PageComponents/Where/Where.module.scss": {"path":"/home/chris/00__DEV/04_GIOVANE_ITALIA/asgiovaneitalia/src/components/PageComponents/Where/Where.module.scss","statementMap":{},"fnMap":{},"branchMap":{},"s":{},"f":{},"b":{},"meta":{"lastBranch":0,"lastFunction":0,"lastStatement":0,"seen":{}}}
,"/home/chris/00__DEV/04_GIOVANE_ITALIA/asgiovaneitalia/src/components/Slider/Slider.jsx": {"path":"/home/chris/00__DEV/04_GIOVANE_ITALIA/asgiovaneitalia/src/components/Slider/Slider.jsx","statementMap":{"0":{"start":{"line":10,"column":9},"end":{"line":75,"column":null}},"1":{"start":{"line":12,"column":1},"end":{"line":14,"column":null}},"2":{"start":{"line":13,"column":2},"end":{"line":13,"column":null}},"3":{"start":{"line":16,"column":1},"end":{"line":18,"column":null}},"4":{"start":{"line":17,"column":2},"end":{"line":17,"column":null}},"5":{"start":{"line":20,"column":1},"end":{"line":68,"column":null}},"6":{"start":{"line":20,"column":1},"end":{"line":20,"column":null}},"7":{"start":{"line":20,"column":1},"end":{"line":51,"column":null}},"8":{"start":{"line":22,"column":18},"end":{"line":22,"column":45}},"9":{"start":{"line":23,"column":14},"end":{"line":23,"column":32}},"10":{"start":{"line":24,"column":23},"end":{"line":24,"column":39}},"11":{"start":{"line":27,"column":19},"end":{"line":27,"column":35}},"12":{"start":{"line":30,"column":19},"end":{"line":30,"column":35}},"13":{"start":{"line":33,"column":19},"end":{"line":33,"column":35}},"14":{"start":{"line":36,"column":19},"end":{"line":36,"column":35}},"15":{"start":{"line":39,"column":19},"end":{"line":39,"column":35}},"16":{"start":{"line":42,"column":19},"end":{"line":42,"column":35}},"17":{"start":{"line":45,"column":19},"end":{"line":45,"column":35}},"18":{"start":{"line":48,"column":19},"end":{"line":48,"column":35}},"19":{"start":{"line":51,"column":19},"end":{"line":51,"column":35}},"20":{"start":{"line":51,"column":35},"end":{"line":51,"column":null}},"21":{"start":{"line":51,"column":35},"end":{"line":68,"column":null}},"22":{"start":{"line":58,"column":17},"end":{"line":58,"column":45}},"23":{"start":{"line":59,"column":18},"end":{"line":59,"column":42}},"24":{"start":{"line":62,"column":18},"end":{"line":62,"column":41}},"25":{"start":{"line":65,"column":18},"end":{"line":65,"column":41}},"26":{"start":{"line":68,"column":18},"end":{"line":68,"column":40}},"27":{"start":{"line":68,"column":40},"end":{"line":68,"column":null}},"28":{"start":{"line":77,"column":22},"end":{"line":77,"column":null}}},"fnMap":{"0":{"name":"Slider2","decl":{"start":{"line":10,"column":9},"end":{"line":10,"column":15}},"loc":{"start":{"line":10,"column":18},"end":{"line":75,"column":1}},"line":10},"1":{"name":"(anonymous_1)","decl":{"start":{"line":12,"column":9},"end":{"line":12,"column":15}},"loc":{"start":{"line":12,"column":15},"end":{"line":14,"column":2}},"line":12},"2":{"name":"(anonymous_2)","decl":{"start":{"line":16,"column":11},"end":{"line":16,"column":17}},"loc":{"start":{"line":16,"column":17},"end":{"line":18,"column":2}},"line":16},"3":{"name":"(anonymous_3)","decl":{"start":{"line":20,"column":1},"end":{"line":20,"column":null}},"loc":{"start":{"line":20,"column":1},"end":{"line":51,"column":null}},"line":20},"4":{"name":"(anonymous_4)","decl":{"start":{"line":51,"column":35},"end":{"line":51,"column":null}},"loc":{"start":{"line":51,"column":35},"end":{"line":68,"column":null}},"line":51}},"branchMap":{"0":{"loc":{"start":{"line":51,"column":35},"end":{"line":51,"column":null}},"type":"binary-expr","locations":[{"start":{"line":51,"column":35},"end":{"line":51,"column":null}},{"start":{"line":51,"column":35},"end":{"line":51,"column":null}}],"line":51},"1":{"loc":{"start":{"line":68,"column":40},"end":{"line":68,"column":null}},"type":"binary-expr","locations":[{"start":{"line":68,"column":40},"end":{"line":68,"column":null}},{"start":{"line":68,"column":40},"end":{"line":68,"column":null}}],"line":68},"2":{"loc":{"start":{"line":77,"column":22},"end":{"line":77,"column":null}},"type":"if","locations":[{"start":{"line":77,"column":22},"end":{"line":77,"column":null}},{"start":{},"end":{}}],"line":77}},"s":{"0":1,"1":3,"2":3,"3":3,"4":3,"5":3,"6":3,"7":3,"8":3,"9":3,"10":3,"11":3,"12":3,"13":3,"14":3,"15":3,"16":3,"17":3,"18":3,"19":3,"20":3,"21":3,"22":3,"23":3,"24":3,"25":3,"26":3,"27":3,"28":1},"f":{"0":3,"1":3,"2":3,"3":6,"4":6},"b":{"0":[36,36],"1":[15,15],"2":[1,0]},"meta":{"lastBranch":3,"lastFunction":5,"lastStatement":29,"seen":{"s:10:9:75:Infinity":0,"f:10:9:10:15":0,"s:12:1:14:Infinity":1,"f:12:9:12:15":1,"s:13:2:13:Infinity":2,"s:16:1:18:Infinity":3,"f:16:11:16:17":2,"s:17:2:17:Infinity":4,"s:20:1:68:Infinity":5,"f:20:1:20:Infinity":3,"s:20:1:20:Infinity":6,"s:20:1:51:Infinity":7,"s:22:18:22:45":8,"s:23:14:23:32":9,"s:24:23:24:39":10,"s:27:19:27:35":11,"s:30:19:30:35":12,"s:33:19:33:35":13,"s:36:19:36:35":14,"s:39:19:39:35":15,"s:42:19:42:35":16,"s:45:19:45:35":17,"s:48:19:48:35":18,"s:51:19:51:35":19,"s:51:35:51:Infinity":20,"b:51:35:51:Infinity:51:35:51:Infinity":0,"f:51:35:51:Infinity":4,"s:51:35:68:Infinity":21,"s:58:17:58:45":22,"s:59:18:59:42":23,"s:62:18:62:41":24,"s:65:18:65:41":25,"s:68:18:68:40":26,"s:68:40:68:Infinity":27,"b:68:40:68:Infinity:68:40:68:Infinity":1,"b:77:22:77:Infinity:undefined:undefined:undefined:undefined":2,"s:77:22:77:Infinity":28}}}
,"/home/chris/00__DEV/04_GIOVANE_ITALIA/asgiovaneitalia/src/components/Slider/Slider.module.scss": {"path":"/home/chris/00__DEV/04_GIOVANE_ITALIA/asgiovaneitalia/src/components/Slider/Slider.module.scss","statementMap":{},"fnMap":{},"branchMap":{},"s":{},"f":{},"b":{},"meta":{"lastBranch":0,"lastFunction":0,"lastStatement":0,"seen":{}}}
,"/home/chris/00__DEV/04_GIOVANE_ITALIA/asgiovaneitalia/src/routes/gallery/Gallery.jsx": {"path":"/home/chris/00__DEV/04_GIOVANE_ITALIA/asgiovaneitalia/src/routes/gallery/Gallery.jsx","statementMap":{"0":{"start":{"line":12,"column":9},"end":{"line":42,"column":null}},"1":{"start":{"line":13,"column":20},"end":{"line":13,"column":null}},"2":{"start":{"line":16,"column":2},"end":{"line":20,"column":null}},"3":{"start":{"line":18,"column":18},"end":{"line":18,"column":null}},"4":{"start":{"line":19,"column":4},"end":{"line":19,"column":null}},"5":{"start":{"line":22,"column":2},"end":{"line":27,"column":null}},"6":{"start":{"line":22,"column":2},"end":{"line":22,"column":null}},"7":{"start":{"line":24,"column":16},"end":{"line":24,"column":20}},"8":{"start":{"line":24,"column":20},"end":{"line":24,"column":null}},"9":{"start":{"line":24,"column":20},"end":{"line":34,"column":null}},"10":{"start":{"line":28,"column":21},"end":{"line":28,"column":36}},"11":{"start":{"line":29,"column":22},"end":{"line":32,"column":null}},"12":{"start":{"line":29,"column":27},"end":{"line":29,"column":null}},"13":{"start":{"line":29,"column":27},"end":{"line":33,"column":null}},"14":{"start":{"line":33,"column":23},"end":{"line":33,"column":33}},"15":{"start":{"line":33,"column":33},"end":{"line":32,"column":null}},"16":{"start":{"line":30,"column":27},"end":{"line":30,"column":48}},"17":{"start":{"line":31,"column":30},"end":{"line":31,"column":49}},"18":{"start":{"line":32,"column":28},"end":{"line":32,"column":46}},"19":{"start":{"line":32,"column":46},"end":{"line":32,"column":null}},"20":{"start":{"line":34,"column":21},"end":{"line":27,"column":null}},"21":{"start":{"line":26,"column":24},"end":{"line":26,"column":66}},"22":{"start":{"line":27,"column":21},"end":{"line":27,"column":40}},"23":{"start":{"line":27,"column":40},"end":{"line":27,"column":null}},"24":{"start":{"line":44,"column":23},"end":{"line":44,"column":null}}},"fnMap":{"0":{"name":"Gallery2","decl":{"start":{"line":12,"column":9},"end":{"line":12,"column":16}},"loc":{"start":{"line":12,"column":19},"end":{"line":42,"column":1}},"line":12},"1":{"name":"(anonymous_1)","decl":{"start":{"line":16,"column":10},"end":{"line":16,"column":16}},"loc":{"start":{"line":16,"column":16},"end":{"line":20,"column":3}},"line":16},"2":{"name":"(anonymous_2)","decl":{"start":{"line":22,"column":2},"end":{"line":22,"column":null}},"loc":{"start":{"line":22,"column":2},"end":{"line":27,"column":null}},"line":22},"3":{"name":"(anonymous_3)","decl":{"start":{"line":28,"column":17},"end":{"line":28,"column":21}},"loc":{"start":{"line":28,"column":21},"end":{"line":28,"column":null}},"line":28},"4":{"name":"(anonymous_4)","decl":{"start":{"line":29,"column":15},"end":{"line":29,"column":16}},"loc":{"start":{"line":29,"column":22},"end":{"line":32,"column":null}},"line":29},"5":{"name":"(anonymous_5)","decl":{"start":{"line":29,"column":27},"end":{"line":29,"column":null}},"loc":{"start":{"line":29,"column":27},"end":{"line":32,"column":null}},"line":29},"6":{"name":"(anonymous_6)","decl":{"start":{"line":33,"column":33},"end":{"line":33,"column":null}},"loc":{"start":{"line":33,"column":33},"end":{"line":32,"column":null}},"line":33},"7":{"name":"(anonymous_7)","decl":{"start":{"line":34,"column":21},"end":{"line":34,"column":null}},"loc":{"start":{"line":34,"column":21},"end":{"line":27,"column":null}},"line":34}},"branchMap":{"0":{"loc":{"start":{"line":24,"column":20},"end":{"line":24,"column":null}},"type":"cond-expr","locations":[{"start":{"line":24,"column":20},"end":{"line":24,"column":null}},{"start":{"line":24,"column":16},"end":{"line":24,"column":null}}],"line":24},"1":{"loc":{"start":{"line":32,"column":46},"end":{"line":32,"column":null}},"type":"binary-expr","locations":[{"start":{"line":32,"column":46},"end":{"line":32,"column":null}},{"start":{"line":32,"column":46},"end":{"line":32,"column":null}}],"line":32},"2":{"loc":{"start":{"line":27,"column":40},"end":{"line":27,"column":null}},"type":"binary-expr","locations":[{"start":{"line":27,"column":40},"end":{"line":27,"column":null}},{"start":{"line":27,"column":40},"end":{"line":27,"column":null}}],"line":27},"3":{"loc":{"start":{"line":44,"column":23},"end":{"line":44,"column":null}},"type":"if","locations":[{"start":{"line":44,"column":23},"end":{"line":44,"column":null}},{"start":{},"end":{}}],"line":44}},"s":{"0":1,"1":2,"2":2,"3":2,"4":2,"5":2,"6":2,"7":2,"8":2,"9":2,"10":2,"11":4,"12":4,"13":4,"14":4,"15":4,"16":4,"17":4,"18":4,"19":4,"20":2,"21":2,"22":2,"23":2,"24":1},"f":{"0":2,"1":2,"2":2,"3":2,"4":4,"5":8,"6":4,"7":2},"b":{"0":[0,2],"1":[12,12],"2":[4,4],"3":[1,0]},"meta":{"lastBranch":4,"lastFunction":8,"lastStatement":25,"seen":{"s:12:9:42:Infinity":0,"f:12:9:12:16":0,"s:13:20:13:Infinity":1,"s:16:2:20:Infinity":2,"f:16:10:16:16":1,"s:18:18:18:Infinity":3,"s:19:4:19:Infinity":4,"s:22:2:27:Infinity":5,"f:22:2:22:Infinity":2,"s:22:2:22:Infinity":6,"s:24:16:24:20":7,"s:24:20:24:Infinity":8,"b:24:20:24:Infinity:24:16:24:Infinity":0,"s:24:20:34:Infinity":9,"f:28:17:28:21":3,"s:28:21:28:36":10,"f:29:15:29:16":4,"s:29:22:32:Infinity":11,"f:29:27:29:Infinity":5,"s:29:27:29:Infinity":12,"s:29:27:33:Infinity":13,"s:33:23:33:33":14,"s:33:33:32:Infinity":15,"f:33:33:33:Infinity":6,"s:30:27:30:48":16,"s:31:30:31:49":17,"s:32:28:32:46":18,"s:32:46:32:Infinity":19,"b:32:46:32:Infinity:32:46:32:Infinity":1,"s:34:21:27:Infinity":20,"f:34:21:34:Infinity":7,"s:26:24:26:66":21,"s:27:21:27:40":22,"s:27:40:27:Infinity":23,"b:27:40:27:Infinity:27:40:27:Infinity":2,"b:44:23:44:Infinity:undefined:undefined:undefined:undefined":3,"s:44:23:44:Infinity":24}}}
,"/home/chris/00__DEV/04_GIOVANE_ITALIA/asgiovaneitalia/src/routes/gallery/Gallery.module.scss": {"path":"/home/chris/00__DEV/04_GIOVANE_ITALIA/asgiovaneitalia/src/routes/gallery/Gallery.module.scss","statementMap":{},"fnMap":{},"branchMap":{},"s":{},"f":{},"b":{},"meta":{"lastBranch":0,"lastFunction":0,"lastStatement":0,"seen":{}}}
,"/home/chris/00__DEV/04_GIOVANE_ITALIA/asgiovaneitalia/src/routes/homepage/Homepage.jsx": {"path":"/home/chris/00__DEV/04_GIOVANE_ITALIA/asgiovaneitalia/src/routes/homepage/Homepage.jsx","statementMap":{"0":{"start":{"line":23,"column":9},"end":{"line":51,"column":null}},"1":{"start":{"line":24,"column":20},"end":{"line":24,"column":null}},"2":{"start":{"line":26,"column":2},"end":{"line":30,"column":null}},"3":{"start":{"line":28,"column":15},"end":{"line":28,"column":null}},"4":{"start":{"line":29,"column":4},"end":{"line":29,"column":null}},"5":{"start":{"line":32,"column":2},"end":{"line":47,"column":null}},"6":{"start":{"line":37,"column":13},"end":{"line":37,"column":null}},"7":{"start":{"line":37,"column":13},"end":{"line":41,"column":null}},"8":{"start":{"line":41,"column":16},"end":{"line":41,"column":29}},"9":{"start":{"line":41,"column":29},"end":{"line":42,"column":null}},"10":{"start":{"line":42,"column":17},"end":{"line":42,"column":31}},"11":{"start":{"line":42,"column":31},"end":{"line":43,"column":null}},"12":{"start":{"line":43,"column":19},"end":{"line":43,"column":35}},"13":{"start":{"line":43,"column":35},"end":{"line":44,"column":null}},"14":{"start":{"line":44,"column":22},"end":{"line":44,"column":41}},"15":{"start":{"line":44,"column":41},"end":{"line":45,"column":null}},"16":{"start":{"line":45,"column":22},"end":{"line":45,"column":41}},"17":{"start":{"line":45,"column":41},"end":{"line":47,"column":null}},"18":{"start":{"line":47,"column":18},"end":{"line":47,"column":33}},"19":{"start":{"line":47,"column":33},"end":{"line":47,"column":null}},"20":{"start":{"line":53,"column":19},"end":{"line":53,"column":null}}},"fnMap":{"0":{"name":"App2","decl":{"start":{"line":23,"column":9},"end":{"line":23,"column":12}},"loc":{"start":{"line":23,"column":15},"end":{"line":51,"column":1}},"line":23},"1":{"name":"(anonymous_1)","decl":{"start":{"line":26,"column":10},"end":{"line":26,"column":16}},"loc":{"start":{"line":26,"column":16},"end":{"line":30,"column":3}},"line":26},"2":{"name":"(anonymous_2)","decl":{"start":{"line":37,"column":13},"end":{"line":37,"column":null}},"loc":{"start":{"line":37,"column":13},"end":{"line":47,"column":null}},"line":37},"3":{"name":"(anonymous_3)","decl":{"start":{"line":41,"column":14},"end":{"line":41,"column":16}},"loc":{"start":{"line":41,"column":16},"end":{"line":41,"column":null}},"line":41},"4":{"name":"(anonymous_4)","decl":{"start":{"line":42,"column":15},"end":{"line":42,"column":17}},"loc":{"start":{"line":42,"column":17},"end":{"line":42,"column":null}},"line":42},"5":{"name":"(anonymous_5)","decl":{"start":{"line":43,"column":17},"end":{"line":43,"column":19}},"loc":{"start":{"line":43,"column":19},"end":{"line":43,"column":null}},"line":43},"6":{"name":"(anonymous_6)","decl":{"start":{"line":44,"column":20},"end":{"line":44,"column":22}},"loc":{"start":{"line":44,"column":22},"end":{"line":44,"column":null}},"line":44},"7":{"name":"(anonymous_7)","decl":{"start":{"line":45,"column":20},"end":{"line":45,"column":22}},"loc":{"start":{"line":45,"column":22},"end":{"line":45,"column":null}},"line":45},"8":{"name":"(anonymous_8)","decl":{"start":{"line":47,"column":16},"end":{"line":47,"column":18}},"loc":{"start":{"line":47,"column":18},"end":{"line":47,"column":null}},"line":47}},"branchMap":{"0":{"loc":{"start":{"line":53,"column":19},"end":{"line":53,"column":null}},"type":"if","locations":[{"start":{"line":53,"column":19},"end":{"line":53,"column":null}},{"start":{},"end":{}}],"line":53}},"s":{"0":1,"1":2,"2":2,"3":2,"4":2,"5":2,"6":2,"7":2,"8":2,"9":2,"10":2,"11":2,"12":2,"13":2,"14":2,"15":2,"16":2,"17":2,"18":2,"19":2,"20":1},"f":{"0":2,"1":2,"2":2,"3":2,"4":2,"5":2,"6":2,"7":2,"8":2},"b":{"0":[1,0]},"meta":{"lastBranch":1,"lastFunction":9,"lastStatement":21,"seen":{"s:23:9:51:Infinity":0,"f:23:9:23:12":0,"s:24:20:24:Infinity":1,"s:26:2:30:Infinity":2,"f:26:10:26:16":1,"s:28:15:28:Infinity":3,"s:29:4:29:Infinity":4,"s:32:2:47:Infinity":5,"f:37:13:37:Infinity":2,"s:37:13:37:Infinity":6,"s:37:13:41:Infinity":7,"f:41:14:41:16":3,"s:41:16:41:29":8,"s:41:29:42:Infinity":9,"f:42:15:42:17":4,"s:42:17:42:31":10,"s:42:31:43:Infinity":11,"f:43:17:43:19":5,"s:43:19:43:35":12,"s:43:35:44:Infinity":13,"f:44:20:44:22":6,"s:44:22:44:41":14,"s:44:41:45:Infinity":15,"f:45:20:45:22":7,"s:45:22:45:41":16,"s:45:41:47:Infinity":17,"f:47:16:47:18":8,"s:47:18:47:33":18,"s:47:33:47:Infinity":19,"b:53:19:53:Infinity:undefined:undefined:undefined:undefined":0,"s:53:19:53:Infinity":20}}}
}
